[145月2022 14:59:13.080] [main/INFO] [cpw.mods.modlauncher.Launcher/MODLAUNCHER]: ModLauncher running: args [--launchTarget, forgedatauserdev, --assetIndex, 1.18, --assetsDir, C:\Users\Admin\.gradle\caches\forge_gradle\assets, --gameDir, ., --fml.forgeVersion, 40.1.0, --fml.mcVersion, 1.18.2, --fml.forgeGroup, net.minecraftforge, --fml.mcpVersion, 20220404.173914, --mod, examplemod, --all, --output, K:\LabK\OtherMods\1182\Exp1182\src\generated\resources, --existing, K:\LabK\OtherMods\1182\Exp1182\src\main\resources]
[145月2022 14:59:13.083] [main/INFO] [cpw.mods.modlauncher.Launcher/MODLAUNCHER]: ModLauncher 9.1.3+9.1.3+main.9b69c82a starting: java version 17.0.2 by Eclipse Adoptium
[145月2022 14:59:13.203] [main/INFO] [mixin/]: SpongePowered MIXIN Subsystem Version=0.8.5 Source=union:/C:/Users/Admin/.gradle/caches/modules-2/files-2.1/org.spongepowered/mixin/0.8.5/9d1c0c3a304ae6697ecd477218fa61b850bf57fc/mixin-0.8.5.jar%2322!/ Service=ModLauncher Env=CLIENT
[145月2022 14:59:14.735] [main/INFO] [cpw.mods.modlauncher.LaunchServiceHandler/MODLAUNCHER]: Launching target 'forgedatauserdev' with arguments [--gameDir, ., --assetsDir, C:\Users\Admin\.gradle\caches\forge_gradle\assets, --assetIndex, 1.18, --mod, examplemod, --all, --output, K:\LabK\OtherMods\1182\Exp1182\src\generated\resources, --existing, K:\LabK\OtherMods\1182\Exp1182\src\main\resources]
[145月2022 14:59:14.895] [main/INFO] [net.minecraftforge.data.loading.DatagenModLoader/]: Initializing Data Gatherer for mods [examplemod]
[145月2022 14:59:18.751] [main/FATAL] [net.minecraftforge.fml.ModLoader/LOADING]: File K:\LabK\OtherMods\1182\Exp1182\build\resources\main constructed 0 mods: [], but had 1 mods specified: [exp1182]
[145月2022 14:59:18.752] [main/FATAL] [net.minecraftforge.fml.ModLoader/CORE]: Failed to initialize mod containers
net.minecraftforge.fml.ModLoadingException: fml.modloading.missingclasses
	at net.minecraftforge.fml.ModLoader.buildMods(ModLoader.java:241) ~[fmlcore-1.18.2-40.1.0.jar%2379!/:?]
	at java.util.stream.ReferencePipeline$3$1.accept(ReferencePipeline.java:197) ~[?:?]
	at java.util.stream.ReferencePipeline$3$1.accept(ReferencePipeline.java:197) ~[?:?]
	at java.util.ArrayList$ArrayListSpliterator.forEachRemaining(ArrayList.java:1625) ~[?:?]
	at java.util.stream.AbstractPipeline.copyInto(AbstractPipeline.java:509) ~[?:?]
	at java.util.stream.AbstractPipeline.wrapAndCopyInto(AbstractPipeline.java:499) ~[?:?]
	at java.util.stream.AbstractPipeline.evaluate(AbstractPipeline.java:575) ~[?:?]
	at java.util.stream.AbstractPipeline.evaluateToArrayNode(AbstractPipeline.java:260) ~[?:?]
	at java.util.stream.ReferencePipeline.toArray(ReferencePipeline.java:616) ~[?:?]
	at java.util.stream.ReferencePipeline.toArray(ReferencePipeline.java:622) ~[?:?]
	at java.util.stream.ReferencePipeline.toList(ReferencePipeline.java:627) ~[?:?]
	at net.minecraftforge.fml.ModLoader.gatherAndInitializeMods(ModLoader.java:153) ~[fmlcore-1.18.2-40.1.0.jar%2379!/:?]
	at net.minecraftforge.data.loading.DatagenModLoader.begin(DatagenModLoader.java:38) ~[forge-1.18.2-40.1.0_mapped_official_1.18.2-recomp.jar%2375%2382!/:?]
	at net.minecraft.data.Main.main(Main.java:67) ~[forge-1.18.2-40.1.0_mapped_official_1.18.2-recomp.jar%2376!/:?]
	at jdk.internal.reflect.NativeMethodAccessorImpl.invoke0(Native Method) ~[?:?]
	at jdk.internal.reflect.NativeMethodAccessorImpl.invoke(NativeMethodAccessorImpl.java:77) ~[?:?]
	at jdk.internal.reflect.DelegatingMethodAccessorImpl.invoke(DelegatingMethodAccessorImpl.java:43) ~[?:?]
	at java.lang.reflect.Method.invoke(Method.java:568) ~[?:?]
	at net.minecraftforge.fml.loading.targets.ForgeDataUserdevLaunchHandler.lambda$launchService$0(ForgeDataUserdevLaunchHandler.java:27) ~[fmlloader-1.18.2-40.1.0.jar%230!/:?]
	at cpw.mods.modlauncher.LaunchServiceHandlerDecorator.launch(LaunchServiceHandlerDecorator.java:37) [modlauncher-9.1.3.jar%2310!/:?]
	at cpw.mods.modlauncher.LaunchServiceHandler.launch(LaunchServiceHandler.java:53) [modlauncher-9.1.3.jar%2310!/:?]
	at cpw.mods.modlauncher.LaunchServiceHandler.launch(LaunchServiceHandler.java:71) [modlauncher-9.1.3.jar%2310!/:?]
	at cpw.mods.modlauncher.Launcher.run(Launcher.java:106) [modlauncher-9.1.3.jar%2310!/:?]
	at cpw.mods.modlauncher.Launcher.main(Launcher.java:77) [modlauncher-9.1.3.jar%2310!/:?]
	at cpw.mods.modlauncher.BootstrapLaunchConsumer.accept(BootstrapLaunchConsumer.java:26) [modlauncher-9.1.3.jar%2310!/:?]
	at cpw.mods.modlauncher.BootstrapLaunchConsumer.accept(BootstrapLaunchConsumer.java:23) [modlauncher-9.1.3.jar%2310!/:?]
	at cpw.mods.bootstraplauncher.BootstrapLauncher.main(BootstrapLauncher.java:149) [bootstraplauncher-1.0.0.jar:?]
